  PhoneNumber.cpp
C:\Users\dvory\source\repos\course project\course project\PhoneNumber.h(11,9): error C3646: name: неизвестный спецификатор переопределения
C:\Users\dvory\source\repos\course project\course project\PhoneNumber.h(11,13): error C2059: синтаксическая ошибка: ,
C:\Users\dvory\source\repos\course project\course project\PhoneNumber.h(11,59): error C2238: непредвиденные лексемы перед ";"
C:\Users\dvory\source\repos\course project\course project\PhoneNumber.h(12,11): error C3646: fName: неизвестный спецификатор переопределения
C:\Users\dvory\source\repos\course project\course project\PhoneNumber.h(12,16): error C2059: синтаксическая ошибка: ,
C:\Users\dvory\source\repos\course project\course project\PhoneNumber.h(12,54): error C2238: непредвиденные лексемы перед ";"
C:\Users\dvory\source\repos\course project\course project\PhoneNumber.h(29,9): error C3646: printInFile: неизвестный спецификатор переопределения
C:\Users\dvory\source\repos\course project\course project\PhoneNumber.h(29,20): error C2059: синтаксическая ошибка: (
C:\Users\dvory\source\repos\course project\course project\PhoneNumber.h(29,22): error C2238: непредвиденные лексемы перед ";"
C:\Users\dvory\source\repos\course project\course project\PhoneNumber.h(30,9): error C3646: getName: неизвестный спецификатор переопределения
C:\Users\dvory\source\repos\course project\course project\PhoneNumber.h(30,16): error C2059: синтаксическая ошибка: (
C:\Users\dvory\source\repos\course project\course project\PhoneNumber.h(30,18): error C2238: непредвиденные лексемы перед ";"
C:\Users\dvory\source\repos\course project\course project\PhoneNumber.h(31,9): error C3646: getSurname: неизвестный спецификатор переопределения
C:\Users\dvory\source\repos\course project\course project\PhoneNumber.h(31,19): error C2059: синтаксическая ошибка: (
C:\Users\dvory\source\repos\course project\course project\PhoneNumber.h(31,21): error C2238: непредвиденные лексемы перед ";"
C:\Users\dvory\source\repos\course project\course project\PhoneNumber.h(32,9): error C3646: getPatronymic: неизвестный спецификатор переопределения
C:\Users\dvory\source\repos\course project\course project\PhoneNumber.h(32,22): error C2059: синтаксическая ошибка: (
C:\Users\dvory\source\repos\course project\course project\PhoneNumber.h(32,24): error C2238: непредвиденные лексемы перед ";"
C:\Users\dvory\source\repos\course project\course project\PhoneNumber.h(33,9): error C3646: getCellOperator: неизвестный спецификатор переопределения
C:\Users\dvory\source\repos\course project\course project\PhoneNumber.h(33,24): error C2059: синтаксическая ошибка: (
C:\Users\dvory\source\repos\course project\course project\PhoneNumber.h(33,26): error C2238: непредвиденные лексемы перед ";"
C:\Users\dvory\source\repos\course project\course project\PhoneNumber.cpp(16,2): error C2065: numberStr: необъявленный идентификатор
C:\Users\dvory\source\repos\course project\course project\PhoneNumber.cpp(17,22): error C2065: numberStr: необъявленный идентификатор
C:\Users\dvory\source\repos\course project\course project\PhoneNumber.cpp(18,12): error C2065: numberStr: необъявленный идентификатор
C:\Users\dvory\source\repos\course project\course project\PhoneNumber.cpp(23,2): error C2065: fName: необъявленный идентификатор
C:\Users\dvory\source\repos\course project\course project\PhoneNumber.cpp(24,2): error C2065: fSurname: необъявленный идентификатор
C:\Users\dvory\source\repos\course project\course project\PhoneNumber.cpp(25,2): error C2065: fPatronymic: необъявленный идентификатор
C:\Users\dvory\source\repos\course project\course project\PhoneNumber.cpp(26,2): error C2065: fcellOperator: необъявленный идентификатор
C:\Users\dvory\source\repos\course project\course project\PhoneNumber.cpp(31,3): error C2065: fName: необъявленный идентификатор
C:\Users\dvory\source\repos\course project\course project\PhoneNumber.cpp(31,12): error C2065: name: необъявленный идентификатор
C:\Users\dvory\source\repos\course project\course project\PhoneNumber.cpp(36,3): error C2065: fSurname: необъявленный идентификатор
C:\Users\dvory\source\repos\course project\course project\PhoneNumber.cpp(36,15): error C2065: surname: необъявленный идентификатор
C:\Users\dvory\source\repos\course project\course project\PhoneNumber.cpp(41,3): error C2065: fPatronymic: необъявленный идентификатор
C:\Users\dvory\source\repos\course project\course project\PhoneNumber.cpp(41,18): error C2065: patronymic: необъявленный идентификатор
C:\Users\dvory\source\repos\course project\course project\PhoneNumber.cpp(46,3): error C2065: fcellOperator: необъявленный идентификатор
C:\Users\dvory\source\repos\course project\course project\PhoneNumber.cpp(46,20): error C2065: cellOperator: необъявленный идентификатор
C:\Users\dvory\source\repos\course project\course project\PhoneNumber.cpp(64,2): error C2065: fName: необъявленный идентификатор
C:\Users\dvory\source\repos\course project\course project\PhoneNumber.cpp(65,2): error C2065: fSurname: необъявленный идентификатор
C:\Users\dvory\source\repos\course project\course project\PhoneNumber.cpp(66,2): error C2065: fPatronymic: необъявленный идентификатор
C:\Users\dvory\source\repos\course project\course project\PhoneNumber.cpp(67,2): error C2065: fcellOperator: необъявленный идентификатор
C:\Users\dvory\source\repos\course project\course project\PhoneNumber.cpp(73,25): error C2065: surname: необъявленный идентификатор
C:\Users\dvory\source\repos\course project\course project\PhoneNumber.cpp(73,43): error C2065: name: необъявленный идентификатор
C:\Users\dvory\source\repos\course project\course project\PhoneNumber.cpp(73,58): error C2065: patronymic: необъявленный идентификатор
C:\Users\dvory\source\repos\course project\course project\PhoneNumber.cpp(74,6): error C2065: cellOperator: необъявленный идентификатор
C:\Users\dvory\source\repos\course project\course project\PhoneNumber.cpp(89,21): error C2039: "printInFile": не является членом "PhoneNumber".
C:\Users\dvory\source\repos\course project\course project\PhoneNumber.h(7): message : см. объявление "PhoneNumber"
C:\Users\dvory\source\repos\course project\course project\PhoneNumber.cpp(90,19): error C2065: num: необъявленный идентификатор
C:\Users\dvory\source\repos\course project\course project\PhoneNumber.cpp(90,33): error C2065: surname: необъявленный идентификатор
C:\Users\dvory\source\repos\course project\course project\PhoneNumber.cpp(90,49): error C2065: name: необъявленный идентификатор
C:\Users\dvory\source\repos\course project\course project\PhoneNumber.cpp(90,62): error C2065: patronymic: необъявленный идентификатор
C:\Users\dvory\source\repos\course project\course project\PhoneNumber.cpp(91,5): error C2065: cellOperator: необъявленный идентификатор
C:\Users\dvory\source\repos\course project\course project\PhoneNumber.cpp(92,21): error C2065: operatorN: необъявленный идентификатор
C:\Users\dvory\source\repos\course project\course project\PhoneNumber.cpp(92,44): error C2065: first: необъявленный идентификатор
C:\Users\dvory\source\repos\course project\course project\PhoneNumber.cpp(92,63): error C2065: last: необъявленный идентификатор
C:\Users\dvory\source\repos\course project\course project\PhoneNumber.cpp(93,45): error C2065: sumOne: необъявленный идентификатор
C:\Users\dvory\source\repos\course project\course project\PhoneNumber.cpp(96,21): error C2039: "getName": не является членом "PhoneNumber".
C:\Users\dvory\source\repos\course project\course project\PhoneNumber.h(7): message : см. объявление "PhoneNumber"
C:\Users\dvory\source\repos\course project\course project\PhoneNumber.cpp(97,9): error C2065: name: необъявленный идентификатор
C:\Users\dvory\source\repos\course project\course project\PhoneNumber.cpp(100,21): error C2039: "getSurname": не является членом "PhoneNumber".
C:\Users\dvory\source\repos\course project\course project\PhoneNumber.h(7): message : см. объявление "PhoneNumber"
C:\Users\dvory\source\repos\course project\course project\PhoneNumber.cpp(101,9): error C2065: surname: необъявленный идентификатор
C:\Users\dvory\source\repos\course project\course project\PhoneNumber.cpp(104,21): error C2039: "getPatronymic": не является членом "PhoneNumber".
C:\Users\dvory\source\repos\course project\course project\PhoneNumber.h(7): message : см. объявление "PhoneNumber"
C:\Users\dvory\source\repos\course project\course project\PhoneNumber.cpp(105,9): error C2065: patronymic: необъявленный идентификатор
C:\Users\dvory\source\repos\course project\course project\PhoneNumber.cpp(108,21): error C2039: "getCellOperator": не является членом "PhoneNumber".
C:\Users\dvory\source\repos\course project\course project\PhoneNumber.h(7): message : см. объявление "PhoneNumber"
C:\Users\dvory\source\repos\course project\course project\PhoneNumber.cpp(109,9): error C2065: cellOperator: необъявленный идентификатор
  Source.cpp
C:\Users\dvory\source\repos\course project\course project\PhoneNumber.h(11,9): error C3646: name: неизвестный спецификатор переопределения
C:\Users\dvory\source\repos\course project\course project\PhoneNumber.h(11,13): error C2059: синтаксическая ошибка: ,
C:\Users\dvory\source\repos\course project\course project\PhoneNumber.h(11,59): error C2238: непредвиденные лексемы перед ";"
C:\Users\dvory\source\repos\course project\course project\PhoneNumber.h(12,11): error C3646: fName: неизвестный спецификатор переопределения
C:\Users\dvory\source\repos\course project\course project\PhoneNumber.h(12,16): error C2059: синтаксическая ошибка: ,
C:\Users\dvory\source\repos\course project\course project\PhoneNumber.h(12,54): error C2238: непредвиденные лексемы перед ";"
C:\Users\dvory\source\repos\course project\course project\PhoneNumber.h(29,9): error C3646: printInFile: неизвестный спецификатор переопределения
C:\Users\dvory\source\repos\course project\course project\PhoneNumber.h(29,20): error C2059: синтаксическая ошибка: (
C:\Users\dvory\source\repos\course project\course project\PhoneNumber.h(29,22): error C2238: непредвиденные лексемы перед ";"
C:\Users\dvory\source\repos\course project\course project\PhoneNumber.h(30,9): error C3646: getName: неизвестный спецификатор переопределения
C:\Users\dvory\source\repos\course project\course project\PhoneNumber.h(30,16): error C2059: синтаксическая ошибка: (
C:\Users\dvory\source\repos\course project\course project\PhoneNumber.h(30,18): error C2238: непредвиденные лексемы перед ";"
C:\Users\dvory\source\repos\course project\course project\PhoneNumber.h(31,9): error C3646: getSurname: неизвестный спецификатор переопределения
C:\Users\dvory\source\repos\course project\course project\PhoneNumber.h(31,19): error C2059: синтаксическая ошибка: (
C:\Users\dvory\source\repos\course project\course project\PhoneNumber.h(31,21): error C2238: непредвиденные лексемы перед ";"
C:\Users\dvory\source\repos\course project\course project\PhoneNumber.h(32,9): error C3646: getPatronymic: неизвестный спецификатор переопределения
C:\Users\dvory\source\repos\course project\course project\PhoneNumber.h(32,22): error C2059: синтаксическая ошибка: (
C:\Users\dvory\source\repos\course project\course project\PhoneNumber.h(32,24): error C2238: непредвиденные лексемы перед ";"
C:\Users\dvory\source\repos\course project\course project\PhoneNumber.h(33,9): error C3646: getCellOperator: неизвестный спецификатор переопределения
C:\Users\dvory\source\repos\course project\course project\PhoneNumber.h(33,24): error C2059: синтаксическая ошибка: (
C:\Users\dvory\source\repos\course project\course project\PhoneNumber.h(33,26): error C2238: непредвиденные лексемы перед ";"
C:\Program Files (x86)\Windows Kits\10\Include\10.0.19041.0\um\winnt.h(1278,30): error C2059: синтаксическая ошибка: константа
C:\Program Files (x86)\Windows Kits\10\Include\10.0.19041.0\um\winnt.h(2420,14): error C2598: тип связывания должен определяться в глобальной области видимости
C:\Program Files (x86)\Windows Kits\10\Include\10.0.19041.0\um\winnt.h(2698,12): error C2598: тип связывания должен определяться в глобальной области видимости
C:\Program Files (x86)\Windows Kits\10\Include\10.0.19041.0\um\winnt.h(2800,9): error C2156: директива pragma должна находиться вне функции
C:\Program Files (x86)\Windows Kits\10\Include\10.0.19041.0\um\winnt.h(2801,9): error C2156: директива pragma должна находиться вне функции
C:\Program Files (x86)\Windows Kits\10\Include\10.0.19041.0\um\winnt.h(2802,9): error C2156: директива pragma должна находиться вне функции
C:\Program Files (x86)\Windows Kits\10\Include\10.0.19041.0\um\winnt.h(2803,9): error C2156: директива pragma должна находиться вне функции
C:\Program Files (x86)\Windows Kits\10\Include\10.0.19041.0\um\winnt.h(2804,9): error C2156: директива pragma должна находиться вне функции
C:\Program Files (x86)\Windows Kits\10\Include\10.0.19041.0\um\winnt.h(2805,9): error C2156: директива pragma должна находиться вне функции
C:\Program Files (x86)\Windows Kits\10\Include\10.0.19041.0\um\winnt.h(2807,9): error C2156: директива pragma должна находиться вне функции
C:\Program Files (x86)\Windows Kits\10\Include\10.0.19041.0\um\winnt.h(2808,9): error C2156: директива pragma должна находиться вне функции
C:\Program Files (x86)\Windows Kits\10\Include\10.0.19041.0\um\winnt.h(2809,9): error C2156: директива pragma должна находиться вне функции
C:\Program Files (x86)\Windows Kits\10\Include\10.0.19041.0\um\winnt.h(2810,9): error C2156: директива pragma должна находиться вне функции
C:\Program Files (x86)\Windows Kits\10\Include\10.0.19041.0\um\winnt.h(2811,9): error C2156: директива pragma должна находиться вне функции
C:\Program Files (x86)\Windows Kits\10\Include\10.0.19041.0\um\winnt.h(2812,9): error C2156: директива pragma должна находиться вне функции
C:\Program Files (x86)\Windows Kits\10\Include\10.0.19041.0\um\winnt.h(2851,9): error C2156: директива pragma должна находиться вне функции
C:\Program Files (x86)\Windows Kits\10\Include\10.0.19041.0\um\winnt.h(2852,9): error C2156: директива pragma должна находиться вне функции
C:\Program Files (x86)\Windows Kits\10\Include\10.0.19041.0\um\winnt.h(2853,9): error C2156: директива pragma должна находиться вне функции
C:\Program Files (x86)\Windows Kits\10\Include\10.0.19041.0\um\winnt.h(2854,9): error C2156: директива pragma должна находиться вне функции
C:\Program Files (x86)\Windows Kits\10\Include\10.0.19041.0\um\winnt.h(17408,7): error C2059: синтаксическая ошибка: константа
C:\Program Files (x86)\Windows Kits\10\Include\10.0.19041.0\um\winnt.h(17408,8): error C2238: непредвиденные лексемы перед ";"
C:\Program Files (x86)\Windows Kits\10\Include\10.0.19041.0\um\winnt.h(17427,7): error C2059: синтаксическая ошибка: константа
C:\Program Files (x86)\Windows Kits\10\Include\10.0.19041.0\um\winnt.h(17427,8): error C2238: непредвиденные лексемы перед ";"
C:\Users\dvory\source\repos\course project\course project\Source.cpp(10,13): warning C4326: возвращаемый тип "main" должен быть "int", а не "void"
C:\Users\dvory\source\repos\course project\course project\Source.cpp(12,12): warning C4244: аргумент: преобразование "time_t" в "unsigned int", возможна потеря данных
C:\Users\dvory\source\repos\course project\course project\Source.cpp(96,26): error C2039: "getSurname": не является членом "PhoneNumber".
C:\Users\dvory\source\repos\course project\course project\PhoneNumber.h(7): message : см. объявление "PhoneNumber"
C:\Users\dvory\source\repos\course project\course project\Source.cpp(114,15): error C2039: "getSurname": не является членом "PhoneNumber".
C:\Users\dvory\source\repos\course project\course project\PhoneNumber.h(7): message : см. объявление "PhoneNumber"
C:\Users\dvory\source\repos\course project\course project\Source.cpp(136,15): error C2039: "getName": не является членом "PhoneNumber".
C:\Users\dvory\source\repos\course project\course project\PhoneNumber.h(7): message : см. объявление "PhoneNumber"
C:\Users\dvory\source\repos\course project\course project\Source.cpp(149,15): error C2039: "getSurname": не является членом "PhoneNumber".
C:\Users\dvory\source\repos\course project\course project\PhoneNumber.h(7): message : см. объявление "PhoneNumber"
C:\Users\dvory\source\repos\course project\course project\Source.cpp(162,15): error C2039: "getPatronymic": не является членом "PhoneNumber".
C:\Users\dvory\source\repos\course project\course project\PhoneNumber.h(7): message : см. объявление "PhoneNumber"
C:\Users\dvory\source\repos\course project\course project\Source.cpp(175,15): error C2039: "getCellOperator": не является членом "PhoneNumber".
C:\Users\dvory\source\repos\course project\course project\PhoneNumber.h(7): message : см. объявление "PhoneNumber"
C:\Users\dvory\source\repos\course project\course project\Source.cpp(191,21): error C2039: "printInFile": не является членом "PhoneNumber".
C:\Users\dvory\source\repos\course project\course project\PhoneNumber.h(7): message : см. объявление "PhoneNumber"
  Создание кода...
